[00:08:14,503] [INFO] ServerMain.main --> 游戏服务器启动成功
[00:10:29,900] [INFO] GameMgsHandler.channelRead0 --> 收到客户端消息, msgClazz = UserEntryCmd, msgBody = userId: 2
heroAvatar: "Hero_Shaman"

[00:10:29,985] [INFO] GameMgsHandler.channelRead0 --> 收到客户端消息, msgClazz = WhoElseIsHereCmd, msgBody = 
[00:10:35,693] [INFO] GameMgsHandler.channelRead0 --> 收到客户端消息, msgClazz = UserEntryCmd, msgBody = userId: 1
heroAvatar: "Hero_Hammer"

[00:10:35,695] [INFO] GameMgsHandler.channelRead0 --> 收到客户端消息, msgClazz = WhoElseIsHereCmd, msgBody = 
[00:11:18,082] [INFO] GameMgsHandler.channelRead0 --> 收到客户端消息, msgClazz = UserEntryCmd, msgBody = userId: 1
heroAvatar: "Hero_Hammer"

[00:11:18,387] [INFO] GameMgsHandler.channelRead0 --> 收到客户端消息, msgClazz = WhoElseIsHereCmd, msgBody = 
[00:11:23,688] [INFO] GameMgsHandler.channelRead0 --> 收到客户端消息, msgClazz = UserEntryCmd, msgBody = userId: 2
heroAvatar: "Hero_Shaman"

[00:11:23,706] [INFO] GameMgsHandler.channelRead0 --> 收到客户端消息, msgClazz = WhoElseIsHereCmd, msgBody = 
[00:31:36,429] [INFO] ServerMain.main --> 游戏服务器启动成功
[00:31:45,275] [INFO] GameMgsHandler.channelRead0 --> 收到客户端消息, msgClazz = UserEntryCmd, msgBody = userId: 2
heroAvatar: "Hero_Shaman"

[00:31:45,307] [INFO] GameMgsHandler.channelRead0 --> 收到客户端消息, msgClazz = WhoElseIsHereCmd, msgBody = 
[00:31:52,705] [INFO] GameMgsHandler.channelRead0 --> 收到客户端消息, msgClazz = UserEntryCmd, msgBody = userId: 1
heroAvatar: "Hero_Hammer"

[00:31:52,707] [INFO] GameMgsHandler.channelRead0 --> 收到客户端消息, msgClazz = WhoElseIsHereCmd, msgBody = 
